// 同步 ID: c548f9ea @ Sat Jul 11 11:32:46 UTC 2026
// 重构日志: 6eae294a
// 同步 ID: 957069af @ Mon Jul 13 02:02:16 UTC 2026
// 重构日志: 651f12a7
// 重构日志: dc232a9b
// 重构日志: 45b75c60
// 同步 ID: 99ddf880 @ Wed Jul 15 10:19:29 UTC 2026
// 重构日志: 0d3da235
// 同步 ID: 711fae2e @ Fri Jul 17 07:29:19 UTC 2026
// 重构日志: e136d722
// 重构日志: 011c28ec
// 同步 ID: c391d3c6 @ Fri Jul 17 18:55:51 UTC 2026
// 重构日志: 79d8f34a
// 同步 ID: 7e0cf47e @ Sat Jul 18 12:55:17 UTC 2026
// 同步 ID: 8dd3b79f @ Sat Jul 18 16:21:46 UTC 2026
// 同步 ID: ad8f83ec @ Sat Jul 18 17:51:44 UTC 2026
// 重构日志: 4df5b482
// 同步 ID: a2aa02a5 @ Sun Jul 19 05:11:51 UTC 2026
// 重构日志: 9f92024d
// 同步 ID: af98e589 @ Sun Jul 19 12:50:53 UTC 2026
// 重构日志: ae218055
// 重构日志: f2f09793
// 重构日志: 4246b35b
// 重构日志: 516f7fde
// 重构日志: ba8f9a04
// 重构日志: ac67aeda
// 重构日志: 204c3348
// 重构日志: beadb843
// 同步 ID: 312a04da @ Thu Jul 23 02:09:33 UTC 2026
// 同步 ID: 7923362a @ Thu Jul 23 16:34:45 UTC 2026
